<?xml version="1.0" encoding="UTF-8" ?>
<testsuite tests="10" failures="0" name="com.knoldus.kup.ClassRoomTest" time="0.116" errors="0" skipped="0">
  <properties>
[...]
</properties>
  <testcase classname="com.knoldus.kup.ClassRoomTest" name="GetRoomId_AndReturnCorrectRoomId" time="0.021"/>
  <testcase classname="com.knoldus.kup.ClassRoomTest" name="GetDifferentSubjectsThroughRoomId_AndToReturnNullIfSubjectsNotFoundByRoomId" time="0.001"/>
  <testcase classname="com.knoldus.kup.ClassRoomTest" name="testStudents_AndReturnStringMessageIfHaveStudents" time="0.001"/>
  <testcase classname="com.knoldus.kup.ClassRoomTest" name="testToString" time="0.067"/>
  <testcase classname="com.knoldus.kup.ClassRoomTest" name="GetStudentsHavingNoSubject_AndReturnCorrectList" time="0.009"/>
  <testcase classname="com.knoldus.kup.ClassRoomTest" name="SetRoomId_AndReturnCorrectRoomId" time="0.002"/>
  <testcase classname="com.knoldus.kup.ClassRoomTest" name="setStudentList_AndReturnCorrectSetStudentsList" time="0.002"/>
  <testcase classname="com.knoldus.kup.ClassRoomTest" name="getStudentList_AndReturnCorrectStudentsList" time="0.001"/>
  <testcase classname="com.knoldus.kup.ClassRoomTest" name="testStudents_AndReturnEmptyStringIfNotHaveAnyStudents" time="0.001"/>
  <testcase classname="com.knoldus.kup.ClassRoomTest" name="GetDifferentSubjectsThroughRoomId_AndCorrectIfSubjectsFoundByRoomId" time="0.011"/>
</testsuite>